<?xml version="1.0" encoding="UTF-8"?>
<!-- Generated by org.testng.reporters.JUnitReportReporter -->
<testsuite hostname="SUMIT" failures="0" tests="1" name="com.testcases.Test_Case_1" time="14.495" errors="0" timestamp="2024-02-27T22:33:33 IST" skipped="0">
  <testcase classname="com.testcases.Test_Case_1" name="Test1" time="14.495"/>
</testsuite> <!-- com.testcases.Test_Case_1 -->
