<?xml version="1.0" encoding="UTF-8"?>
<!-- Generated by org.testng.reporters.JUnitReportReporter -->
<testsuite hostname="SUMIT" failures="0" tests="1" name="com.testcases.Test_Case_2" time="27.484" errors="0" timestamp="2024-02-27T22:33:33 IST" skipped="0">
  <testcase classname="com.testcases.Test_Case_2" name="Test1" time="27.484"/>
</testsuite> <!-- com.testcases.Test_Case_2 -->
